<?xml version="1.0" encoding="UTF-8"?>
<!-- Generated by org.testng.reporters.JUnitReportReporter -->
<testsuite hostname="DESKTOP-P6TE74L" failures="0" tests="7" name="homework.ch11_13.PersonTest" time="0.017" errors="0" timestamp="31 3月 2024 17:27:04 GMT" skipped="0">
  <testcase classname="homework.ch11_13.PersonTest" name="testGetName" time="0.010"/>
  <testcase classname="homework.ch11_13.PersonTest" name="testTestClone" time="0.000"/>
  <testcase classname="homework.ch11_13.PersonTest" name="testGetAge" time="0.000"/>
  <testcase classname="homework.ch11_13.PersonTest" name="testTestEquals" time="0.000"/>
  <testcase classname="homework.ch11_13.PersonTest" name="testTestToString" time="0.007"/>
  <testcase classname="homework.ch11_13.PersonTest" name="testSetName" time="0.000"/>
  <testcase classname="homework.ch11_13.PersonTest" name="testSetAge" time="0.000"/>
</testsuite> <!-- homework.ch11_13.PersonTest -->
